2024-07-08 18:31:44.541 INFO  (main) [c: s: r: x: t:] o.e.j.s.Server jetty-10.0.20; built: 2024-01-29T20:46:45.278Z; git: 3a745c71c23682146f262b99f4ddc4c1bc41630c; jvm 17.0.11+9
2024-07-08 18:31:44.840 WARN  (main) [c: s: r: x: t:] o.e.j.u.DeprecationWarning Using @Deprecated Class org.eclipse.jetty.servlet.listener.ELContextCleaner
2024-07-08 18:31:44.876 INFO  (main) [c: s: r: x: t:] o.a.s.s.CoreContainerProvider Using logger factory org.apache.logging.slf4j.Log4jLoggerFactory
2024-07-08 18:31:44.886 INFO  (main) [c: s: r: x: t:] o.a.s.s.CoreContainerProvider  ___      _       Welcome to Apache Solr™ version 9.6.1
2024-07-08 18:31:44.886 INFO  (main) [c: s: r: x: t:] o.a.s.s.CoreContainerProvider / __| ___| |_ _   Starting in standalone mode on port 8983
2024-07-08 18:31:44.887 INFO  (main) [c: s: r: x: t:] o.a.s.s.CoreContainerProvider \__ \/ _ \ | '_|  Install dir: /opt/solr-9.6.1
2024-07-08 18:31:44.887 INFO  (main) [c: s: r: x: t:] o.a.s.s.CoreContainerProvider |___/\___/_|_|    Start time: 2024-07-08T18:31:44.887214879Z
2024-07-08 18:31:44.891 INFO  (main) [c: s: r: x: t:] o.a.s.s.CoreContainerProvider Solr started with "-XX:+CrashOnOutOfMemoryError" that will crash on any OutOfMemoryError exception. The cause of the OOME will be logged in the crash file at the following path: /var/solr/logs/jvm_crash_12.log
2024-07-08 18:31:44.919 INFO  (main) [c: s: r: x: t:] o.a.s.s.CoreContainerProvider Solr Home: /var/solr/data (source: system property: solr.solr.home)
2024-07-08 18:31:44.936 INFO  (main) [c: s: r: x: t:] o.a.s.c.SolrXmlConfig solr.xml not found in SOLR_HOME, using built-in default
2024-07-08 18:31:44.936 INFO  (main) [c: s: r: x: t:] o.a.s.c.SolrXmlConfig Loading solr.xml from /opt/solr-9.6.1/server/solr/solr.xml
2024-07-08 18:31:44.981 INFO  (main) [c: s: r: x: t:] o.a.s.c.SolrResourceLoader Added 1 libs to classloader, from paths: [/opt/solr-9.6.1/lib]
2024-07-08 18:31:45.838 INFO  (main) [c: s: r: x: t:] o.a.s.u.t.SimplePropagator Always-on trace id generation enabled.
2024-07-08 18:31:46.105 WARN  (main) [c: s: r: x: t:] o.a.s.u.StartupLoggingUtils Jetty request logging enabled. Will retain logs for last 3 days. See chapter "Configuring Logging" in reference guide for how to configure.
2024-07-08 18:31:46.107 WARN  (main) [c: s: r: x: t:] o.a.s.c.CoreContainer Not all security plugins configured!  authentication=disabled authorization=disabled.  Solr is only as secure as you make it. Consider configuring authentication/authorization before exposing Solr to users internal or external.  See https://s.apache.org/solrsecurity for more info
2024-07-08 18:31:46.290 INFO  (main) [c: s: r: x: t:] o.a.s.c.CorePropertiesLocator Found 1 core definitions underneath /var/solr/data
2024-07-08 18:31:46.290 INFO  (main) [c: s: r: x: t:] o.a.s.c.CorePropertiesLocator Cores are: [imdb]
2024-07-08 18:31:46.325 INFO  (coreLoadExecutor-11-thread-1) [c: s: r: x:imdb t:] o.a.s.c.SolrConfig Using Lucene MatchVersion: 9.10.0
2024-07-08 18:31:46.391 WARN  (coreLoadExecutor-11-thread-1) [c: s: r: x:imdb t:] o.a.s.s.ManagedIndexSchemaFactory The schema has been upgraded to managed, but the non-managed schema schema.xml is still loadable.  PLEASE REMOVE THIS FILE.
2024-07-08 18:31:46.435 INFO  (coreLoadExecutor-11-thread-1) [c: s: r: x:imdb t:] o.a.s.s.IndexSchema Schema name=default-config
2024-07-08 18:31:46.564 WARN  (main) [c: s: r: x: t:] o.g.j.m.i.MessagingBinders A class jakarta.activation.DataSource for a default provider MessageBodyWriter<jakarta.activation.DataSource> was not found. The provider is not available.
2024-07-08 18:31:46.853 INFO  (coreLoadExecutor-11-thread-1) [c: s: r: x:imdb t:] o.a.s.s.IndexSchema Loaded schema default-config/1.6 with uniqueid field id
2024-07-08 18:31:46.855 INFO  (coreLoadExecutor-11-thread-1) [c: s: r: x:imdb t:] o.a.s.c.CoreContainer Creating SolrCore 'imdb' using configuration from instancedir /var/solr/data/imdb, trusted=true
2024-07-08 18:31:46.913 INFO  (coreLoadExecutor-11-thread-1) [c: s: r: x:imdb t:] o.a.s.c.SolrCore Opening new SolrCore at [/var/solr/data/imdb], dataDir=[/var/solr/data/imdb/data/]
2024-07-08 18:31:47.021 INFO  (main) [c: s: r: x: t:] o.a.s.j.SolrRequestAuthorizer Creating a new SolrRequestAuthorizer
2024-07-08 18:31:47.377 INFO  (main) [c: s: r: x: t:] o.e.j.s.h.ContextHandler Started o.e.j.w.WebAppContext@21362712{solr-jetty-context.xml,/solr,file:///opt/solr-9.6.1/server/solr-webapp/webapp/,AVAILABLE}{/opt/solr-9.6.1/server/solr-webapp/webapp}
2024-07-08 18:31:47.400 INFO  (main) [c: s: r: x: t:] o.e.j.s.RequestLogWriter Opened /var/solr/logs/2024_07_08.request.log
2024-07-08 18:31:47.407 INFO  (main) [c: s: r: x: t:] o.e.j.s.AbstractConnector Started ServerConnector@666b83a4{HTTP/1.1, (http/1.1, h2c)}{0.0.0.0:8983}
2024-07-08 18:31:47.410 INFO  (main) [c: s: r: x: t:] o.e.j.s.Server Started Server@3e8f7922{STARTING}[10.0.20,sto=0] @4162ms
2024-07-08 18:31:47.868 INFO  (coreLoadExecutor-11-thread-1) [c: s: r: x:imdb t:] o.a.s.j.SolrRequestAuthorizer Creating a new SolrRequestAuthorizer
2024-07-08 18:31:47.897 INFO  (coreLoadExecutor-11-thread-1) [c: s: r: x:imdb t:] o.a.s.u.UpdateHandler Using UpdateLog implementation: org.apache.solr.update.UpdateLog
2024-07-08 18:31:47.897 INFO  (coreLoadExecutor-11-thread-1) [c: s: r: x:imdb t:] o.a.s.u.UpdateLog Initializing UpdateLog: dataDir= defaultSyncLevel=FLUSH numRecordsToKeep=100 maxNumLogsToKeep=10 numVersionBuckets=65536
2024-07-08 18:31:47.923 INFO  (coreLoadExecutor-11-thread-1) [c: s: r: x:imdb t:] o.a.s.u.CommitTracker Hard AutoCommit: if uncommitted for 15000ms; 
2024-07-08 18:31:47.924 INFO  (coreLoadExecutor-11-thread-1) [c: s: r: x:imdb t:] o.a.s.u.CommitTracker Soft AutoCommit: if uncommitted for 3000ms; 
2024-07-08 18:31:48.070 INFO  (coreLoadExecutor-11-thread-1) [c: s: r: x:imdb t:] o.a.s.r.ManagedResourceStorage File-based storage initialized to use dir: /var/solr/data/imdb/conf
2024-07-08 18:31:48.086 INFO  (coreLoadExecutor-11-thread-1) [c: s: r: x:imdb t:] o.a.s.s.DirectSolrSpellChecker init: {accuracy=0.5, maxQueryFrequency=0.01, name=default, field=_text_, classname=solr.DirectSolrSpellChecker, distanceMeasure=internal, maxEdits=2, minPrefix=1, maxInspections=5, minQueryLength=4}
2024-07-08 18:31:48.095 INFO  (coreLoadExecutor-11-thread-1) [c: s: r: x:imdb t:] o.a.s.h.ReplicationHandler Commits will be reserved for 10000 ms
2024-07-08 18:31:48.097 INFO  (searcherExecutor-13-thread-1-processing-imdb) [c: s: r: x:imdb t:] o.a.s.c.QuerySenderListener QuerySenderListener done.
2024-07-08 18:31:48.097 INFO  (searcherExecutor-13-thread-1-processing-imdb) [c: s: r: x:imdb t:] o.a.s.h.c.SpellCheckComponent Loading spell index for spellchecker: default
2024-07-08 18:31:48.105 INFO  (searcherExecutor-13-thread-1-processing-imdb) [c: s: r: x:imdb t:] o.a.s.c.SolrCore Registered new searcher autowarm time: 0 ms
2024-07-08 18:35:35.225 INFO  (qtp1415289182-19-null-1) [c: s: r: x:imdb t:null-1] o.a.s.u.p.LogUpdateProcessorFactory webapp=/solr path=/update params={waitSearcher=true&commit=true&softCommit=false&wt=javabin&version=2}{commit=} 0 39
2024-07-08 18:46:31.217 INFO  (qtp1415289182-19-null-2) [c: s: r: x:imdb t:null-2] o.a.s.u.p.LogUpdateProcessorFactory webapp=/solr path=/update params={}{} 0 141
2024-07-08 18:46:31.218 ERROR (qtp1415289182-19-null-2) [c: s: r: x:imdb t:null-2] o.a.s.h.RequestHandlerBase Client exception => org.apache.solr.common.SolrException: ERROR: [doc=e36225cd-4c18-45be-97f5-ae92889d0210] Error adding field 'Meta_score'='80.0' msg=For input string: "80.0"
	at org.apache.solr.update.DocumentBuilder.toDocument(DocumentBuilder.java:260)
org.apache.solr.common.SolrException: ERROR: [doc=e36225cd-4c18-45be-97f5-ae92889d0210] Error adding field 'Meta_score'='80.0' msg=For input string: "80.0"
	at org.apache.solr.update.DocumentBuilder.toDocument(DocumentBuilder.java:260) ~[?:?]
	at org.apache.solr.update.DocumentBuilder.toDocument(DocumentBuilder.java:100) ~[?:?]
	at org.apache.solr.update.AddUpdateCommand.lambda$makeLuceneDocs$0(AddUpdateCommand.java:233) ~[?:?]
	at java.base/java.util.stream.ReferencePipeline$3$1.accept(Unknown Source) ~[?:?]
	at java.base/java.util.ArrayList$ArrayListSpliterator.tryAdvance(Unknown Source) ~[?:?]
	at java.base/java.util.stream.StreamSpliterators$WrappingSpliterator.lambda$initPartialTraversalState$0(Unknown Source) ~[?:?]
	at java.base/java.util.stream.StreamSpliterators$AbstractWrappingSpliterator.fillBuffer(Unknown Source) ~[?:?]
	at java.base/java.util.stream.StreamSpliterators$AbstractWrappingSpliterator.doAdvance(Unknown Source) ~[?:?]
	at java.base/java.util.stream.StreamSpliterators$WrappingSpliterator.tryAdvance(Unknown Source) ~[?:?]
	at java.base/java.util.Spliterators$1Adapter.hasNext(Unknown Source) ~[?:?]
	at org.apache.lucene.index.DocumentsWriterPerThread.updateDocuments(DocumentsWriterPerThread.java:248) ~[?:?]
	at org.apache.lucene.index.DocumentsWriter.updateDocuments(DocumentsWriter.java:425) ~[?:?]
	at org.apache.lucene.index.IndexWriter.updateDocuments(IndexWriter.java:1558) ~[?:?]
	at org.apache.lucene.index.IndexWriter.updateDocuments(IndexWriter.java:1534) ~[?:?]
	at org.apache.solr.update.DirectUpdateHandler2.updateDocOrDocValues(DirectUpdateHandler2.java:1061) ~[?:?]
	at org.apache.solr.update.DirectUpdateHandler2.doNormalUpdate(DirectUpdateHandler2.java:421) ~[?:?]
	at org.apache.solr.update.DirectUpdateHandler2.addDoc0(DirectUpdateHandler2.java:375) ~[?:?]
	at org.apache.solr.update.DirectUpdateHandler2.addDoc(DirectUpdateHandler2.java:312) ~[?:?]
	at org.apache.solr.update.processor.RunUpdateProcessorFactory$RunUpdateProcessor.processAdd(RunUpdateProcessorFactory.java:76) ~[?:?]
	at org.apache.solr.update.processor.UpdateRequestProcessor.processAdd(UpdateRequestProcessor.java:54) ~[?:?]
	at org.apache.solr.update.processor.NestedUpdateProcessorFactory$NestedUpdateProcessor.processAdd(NestedUpdateProcessorFactory.java:79) ~[?:?]
	at org.apache.solr.update.processor.UpdateRequestProcessor.processAdd(UpdateRequestProcessor.java:54) ~[?:?]
	at org.apache.solr.update.processor.DistributedUpdateProcessor.doLocalAdd(DistributedUpdateProcessor.java:270) ~[?:?]
	at org.apache.solr.update.processor.DistributedUpdateProcessor.doVersionAdd(DistributedUpdateProcessor.java:533) ~[?:?]
	at org.apache.solr.update.processor.DistributedUpdateProcessor.lambda$versionAdd$0(DistributedUpdateProcessor.java:358) ~[?:?]
	at org.apache.solr.update.VersionBucket.runWithLock(VersionBucket.java:43) ~[?:?]
	at org.apache.solr.update.processor.DistributedUpdateProcessor.versionAdd(DistributedUpdateProcessor.java:355) ~[?:?]
	at org.apache.solr.update.processor.DistributedUpdateProcessor.processAdd(DistributedUpdateProcessor.java:236) ~[?:?]
	at org.apache.solr.update.processor.LogUpdateProcessorFactory$LogUpdateProcessor.processAdd(LogUpdateProcessorFactory.java:111) ~[?:?]
	at org.apache.solr.update.processor.UpdateRequestProcessor.processAdd(UpdateRequestProcessor.java:54) ~[?:?]
	at org.apache.solr.update.processor.AddSchemaFieldsUpdateProcessorFactory$AddSchemaFieldsUpdateProcessor.processAdd(AddSchemaFieldsUpdateProcessorFactory.java:535) ~[?:?]
	at org.apache.solr.update.processor.UpdateRequestProcessor.processAdd(UpdateRequestProcessor.java:54) ~[?:?]
	at org.apache.solr.update.processor.FieldMutatingUpdateProcessor.processAdd(FieldMutatingUpdateProcessor.java:111) ~[?:?]
	at org.apache.solr.update.processor.UpdateRequestProcessor.processAdd(UpdateRequestProcessor.java:54) ~[?:?]
	at org.apache.solr.update.processor.FieldMutatingUpdateProcessor.processAdd(FieldMutatingUpdateProcessor.java:111) ~[?:?]
	at org.apache.solr.update.processor.UpdateRequestProcessor.processAdd(UpdateRequestProcessor.java:54) ~[?:?]
	at org.apache.solr.update.processor.FieldMutatingUpdateProcessor.processAdd(FieldMutatingUpdateProcessor.java:111) ~[?:?]
	at org.apache.solr.update.processor.UpdateRequestProcessor.processAdd(UpdateRequestProcessor.java:54) ~[?:?]
	at org.apache.solr.update.processor.FieldMutatingUpdateProcessor.processAdd(FieldMutatingUpdateProcessor.java:111) ~[?:?]
	at org.apache.solr.update.processor.UpdateRequestProcessor.processAdd(UpdateRequestProcessor.java:54) ~[?:?]
	at org.apache.solr.update.processor.FieldNameMutatingUpdateProcessorFactory$1.processAdd(FieldNameMutatingUpdateProcessorFactory.java:71) ~[?:?]
	at org.apache.solr.update.processor.UpdateRequestProcessor.processAdd(UpdateRequestProcessor.java:54) ~[?:?]
	at org.apache.solr.update.processor.FieldMutatingUpdateProcessor.processAdd(FieldMutatingUpdateProcessor.java:111) ~[?:?]
	at org.apache.solr.update.processor.UpdateRequestProcessor.processAdd(UpdateRequestProcessor.java:54) ~[?:?]
	at org.apache.solr.update.processor.AbstractDefaultValueUpdateProcessorFactory$DefaultValueUpdateProcessor.processAdd(AbstractDefaultValueUpdateProcessorFactory.java:82) ~[?:?]
	at org.apache.solr.handler.loader.CSVLoaderBase.doAdd(CSVLoaderBase.java:438) ~[?:?]
	at org.apache.solr.handler.loader.SingleThreadedCSVLoader.addDoc(CSVLoader.java:47) ~[?:?]
	at org.apache.solr.handler.loader.CSVLoaderBase.load(CSVLoaderBase.java:397) ~[?:?]
	at org.apache.solr.handler.loader.CSVLoader.load(CSVLoader.java:34) ~[?:?]
	at org.apache.solr.handler.UpdateRequestHandler$1.load(UpdateRequestHandler.java:102) ~[?:?]
	at org.apache.solr.handler.ContentStreamHandlerBase.handleRequestBody(ContentStreamHandlerBase.java:100) ~[?:?]
	at org.apache.solr.handler.RequestHandlerBase.handleRequest(RequestHandlerBase.java:226) ~[?:?]
	at org.apache.solr.core.SolrCore.execute(SolrCore.java:2886) ~[?:?]
	at org.apache.solr.servlet.HttpSolrCall.executeCoreRequest(HttpSolrCall.java:910) ~[?:?]
	at org.apache.solr.servlet.HttpSolrCall.call(HttpSolrCall.java:596) ~[?:?]
	at org.apache.solr.servlet.SolrDispatchFilter.dispatch(SolrDispatchFilter.java:262) ~[?:?]
	at org.apache.solr.servlet.SolrDispatchFilter.lambda$doFilter$0(SolrDispatchFilter.java:219) ~[?:?]
	at org.apache.solr.servlet.ServletUtils.traceHttpRequestExecution2(ServletUtils.java:249) ~[?:?]
	at org.apache.solr.servlet.ServletUtils.rateLimitRequest(ServletUtils.java:215) ~[?:?]
	at org.apache.solr.servlet.SolrDispatchFilter.doFilter(SolrDispatchFilter.java:213) ~[?:?]
	at org.apache.solr.servlet.SolrDispatchFilter.doFilter(SolrDispatchFilter.java:195) ~[?:?]
	at org.eclipse.jetty.servlet.FilterHolder.doFilter(FilterHolder.java:210) ~[jetty-servlet-10.0.20.jar:10.0.20]
	at org.eclipse.jetty.servlet.ServletHandler$Chain.doFilter(ServletHandler.java:1635) ~[jetty-servlet-10.0.20.jar:10.0.20]
	at org.eclipse.jetty.servlet.ServletHandler.doHandle(ServletHandler.java:527) ~[jetty-servlet-10.0.20.jar:10.0.20]
	at org.eclipse.jetty.server.handler.ScopedHandler.handle(ScopedHandler.java:131) ~[jetty-server-10.0.20.jar:10.0.20]
	at org.eclipse.jetty.security.SecurityHandler.handle(SecurityHandler.java:598) ~[jetty-security-10.0.20.jar:10.0.20]
	at org.eclipse.jetty.server.handler.HandlerWrapper.handle(HandlerWrapper.java:122) ~[jetty-server-10.0.20.jar:10.0.20]
	at org.eclipse.jetty.server.handler.ScopedHandler.nextHandle(ScopedHandler.java:223) ~[jetty-server-10.0.20.jar:10.0.20]
	at org.eclipse.jetty.server.session.SessionHandler.doHandle(SessionHandler.java:1580) ~[jetty-server-10.0.20.jar:10.0.20]
	at org.eclipse.jetty.server.handler.ScopedHandler.nextHandle(ScopedHandler.java:221) ~[jetty-server-10.0.20.jar:10.0.20]
	at org.eclipse.jetty.server.handler.ContextHandler.doHandle(ContextHandler.java:1384) ~[jetty-server-10.0.20.jar:10.0.20]
	at org.eclipse.jetty.server.handler.ScopedHandler.nextScope(ScopedHandler.java:176) ~[jetty-server-10.0.20.jar:10.0.20]
	at org.eclipse.jetty.servlet.ServletHandler.doScope(ServletHandler.java:484) ~[jetty-servlet-10.0.20.jar:10.0.20]
	at org.eclipse.jetty.server.session.SessionHandler.doScope(SessionHandler.java:1553) ~[jetty-server-10.0.20.jar:10.0.20]
	at org.eclipse.jetty.server.handler.ScopedHandler.nextScope(ScopedHandler.java:174) ~[jetty-server-10.0.20.jar:10.0.20]
	at org.eclipse.jetty.server.handler.ContextHandler.doScope(ContextHandler.java:1306) ~[jetty-server-10.0.20.jar:10.0.20]
	at org.eclipse.jetty.server.handler.ScopedHandler.handle(ScopedHandler.java:129) ~[jetty-server-10.0.20.jar:10.0.20]
	at org.eclipse.jetty.server.handler.ContextHandlerCollection.handle(ContextHandlerCollection.java:149) ~[jetty-server-10.0.20.jar:10.0.20]
	at org.eclipse.jetty.server.handler.InetAccessHandler.handle(InetAccessHandler.java:228) ~[jetty-server-10.0.20.jar:10.0.20]
	at org.eclipse.jetty.server.handler.HandlerCollection.handle(HandlerCollection.java:141) ~[jetty-server-10.0.20.jar:10.0.20]
	at org.eclipse.jetty.server.handler.HandlerWrapper.handle(HandlerWrapper.java:122) ~[jetty-server-10.0.20.jar:10.0.20]
	at org.eclipse.jetty.rewrite.handler.RewriteHandler.handle(RewriteHandler.java:301) ~[jetty-rewrite-10.0.20.jar:10.0.20]
	at org.eclipse.jetty.server.handler.HandlerWrapper.handle(HandlerWrapper.java:122) ~[jetty-server-10.0.20.jar:10.0.20]
	at org.eclipse.jetty.server.handler.gzip.GzipHandler.handle(GzipHandler.java:822) ~[jetty-server-10.0.20.jar:10.0.20]
	at org.eclipse.jetty.server.handler.HandlerWrapper.handle(HandlerWrapper.java:122) ~[jetty-server-10.0.20.jar:10.0.20]
	at org.eclipse.jetty.server.Server.handle(Server.java:563) ~[jetty-server-10.0.20.jar:10.0.20]
	at org.eclipse.jetty.server.HttpChannel$RequestDispatchable.dispatch(HttpChannel.java:1598) ~[jetty-server-10.0.20.jar:10.0.20]
	at org.eclipse.jetty.server.HttpChannel.dispatch(HttpChannel.java:753) ~[jetty-server-10.0.20.jar:10.0.20]
	at org.eclipse.jetty.server.HttpChannel.handle(HttpChannel.java:501) ~[jetty-server-10.0.20.jar:10.0.20]
	at org.eclipse.jetty.server.HttpConnection.onFillable(HttpConnection.java:287) ~[jetty-server-10.0.20.jar:10.0.20]
	at org.eclipse.jetty.io.AbstractConnection$ReadCallback.succeeded(AbstractConnection.java:314) ~[jetty-io-10.0.20.jar:10.0.20]
	at org.eclipse.jetty.io.FillInterest.fillable(FillInterest.java:100) ~[jetty-io-10.0.20.jar:10.0.20]
	at org.eclipse.jetty.io.SelectableChannelEndPoint$1.run(SelectableChannelEndPoint.java:53) ~[jetty-io-10.0.20.jar:10.0.20]
	at org.eclipse.jetty.util.thread.QueuedThreadPool.runJob(QueuedThreadPool.java:969) ~[jetty-util-10.0.20.jar:10.0.20]
	at org.eclipse.jetty.util.thread.QueuedThreadPool$Runner.doRunJob(QueuedThreadPool.java:1194) ~[jetty-util-10.0.20.jar:10.0.20]
	at org.eclipse.jetty.util.thread.QueuedThreadPool$Runner.run(QueuedThreadPool.java:1149) ~[jetty-util-10.0.20.jar:10.0.20]
	at java.base/java.lang.Thread.run(Unknown Source) [?:?]
Caused by: java.lang.NumberFormatException: For input string: "80.0"
	at java.base/java.lang.NumberFormatException.forInputString(Unknown Source) ~[?:?]
	at java.base/java.lang.Long.parseLong(Unknown Source) ~[?:?]
	at java.base/java.lang.Long.parseLong(Unknown Source) ~[?:?]
	at org.apache.solr.schema.LongPointField.createField(LongPointField.java:166) ~[?:?]
	at org.apache.solr.schema.PointField.createFields(PointField.java:270) ~[?:?]
	at org.apache.solr.update.DocumentBuilder.addField(DocumentBuilder.java:67) ~[?:?]
	at org.apache.solr.update.DocumentBuilder.addOriginalField(DocumentBuilder.java:304) ~[?:?]
	at org.apache.solr.update.DocumentBuilder.toDocument(DocumentBuilder.java:219) ~[?:?]
	... 96 more
2024-07-08 18:46:31.388 INFO  (searcherExecutor-13-thread-3-processing-imdb null-3) [c: s: r: x:imdb t:null-3] o.a.s.c.QuerySenderListener QuerySenderListener done.
2024-07-08 18:46:31.407 INFO  (searcherExecutor-13-thread-3-processing-imdb null-3) [c: s: r: x:imdb t:null-3] o.a.s.c.SolrCore Registered new searcher autowarm time: 8 ms
2024-07-08 18:46:31.420 INFO  (qtp1415289182-20-null-3) [c: s: r: x:imdb t:null-3] o.a.s.u.p.LogUpdateProcessorFactory webapp=/solr path=/update params={commit=true}{commit=} 0 66
2024-07-08 18:47:43.275 INFO  (qtp1415289182-24-null-5) [c: s: r: x: t:null-5] o.a.s.s.HttpSolrCall [admin] webapp=null path=/admin/cores params={indexInfo=false&wt=json&_=1720464463152} status=0 QTime=3
2024-07-08 18:47:43.339 INFO  (qtp1415289182-26-null-7) [c: s: r: x:imdb t:null-7] o.a.s.c.S.Request webapp=/solr path=/config/params params={wt=json&_=1720464463235} status=0 QTime=63
2024-07-08 18:47:43.367 INFO  (qtp1415289182-18-null-6) [c: s: r: x: t:null-6] o.a.s.s.HttpSolrCall [admin] webapp=null path=/admin/info/system params={wt=json&_=1720464463152} status=0 QTime=102
2024-07-08 18:47:43.394 INFO  (qtp1415289182-25-null-8) [c: s: r: x:imdb t:null-8] o.a.s.c.S.Request webapp=/solr path=/select params={q=*:*&indent=true&q.op=OR&useParams=&_=1720464463235} hits=966 status=0 QTime=56
2024-07-08 18:47:49.829 INFO  (qtp1415289182-23-null-11) [c: s: r: x: t:null-11] o.a.s.s.HttpSolrCall [admin] webapp=null path=/admin/cores params={indexInfo=false&wt=json&_=1720464469707} status=0 QTime=0
2024-07-08 18:47:49.835 INFO  (qtp1415289182-20-null-10) [c: s: r: x: t:null-10] o.a.s.s.HttpSolrCall [admin] webapp=null path=/admin/info/system params={wt=json&_=1720464469707} status=0 QTime=25
2024-07-08 18:47:49.856 INFO  (qtp1415289182-24-null-12) [c: s: r: x:imdb t:null-12] o.a.s.c.S.Request webapp=/solr path=/select params={q=*:*&indent=true&q.op=OR&useParams=&_=1720464469758} hits=966 status=0 QTime=6
2024-07-08 18:47:49.866 INFO  (qtp1415289182-25-null-13) [c: s: r: x:imdb t:null-13] o.a.s.c.S.Request webapp=/solr path=/config/params params={wt=json&_=1720464469758} status=0 QTime=0
2024-07-08 18:48:34.041 INFO  (qtp1415289182-19-null-14) [c: s: r: x:imdb t:null-14] o.a.s.c.S.Request webapp=/solr path=/config/params params={wt=json&_=1720464469758} status=0 QTime=2
2024-07-08 18:48:34.048 INFO  (qtp1415289182-20-null-16) [c: s: r: x: t:null-16] o.a.s.s.HttpSolrCall [admin] webapp=null path=/admin/cores params={indexInfo=false&wt=json&_=1720464469707} status=0 QTime=1
2024-07-08 18:48:34.050 INFO  (qtp1415289182-26-null-15) [c: s: r: x:imdb t:null-15] o.a.s.c.S.Request webapp=/solr path=/select params={q=*:*&indent=true&fl=Certificate&q.op=OR&useParams=&_=1720464469758} hits=966 status=0 QTime=11
2024-07-08 18:48:34.066 INFO  (qtp1415289182-24-null-17) [c: s: r: x: t:null-17] o.a.s.s.HttpSolrCall [admin] webapp=null path=/admin/info/system params={wt=json&_=1720464469707} status=0 QTime=11
2024-07-08 18:48:57.635 INFO  (qtp1415289182-27-null-18) [c: s: r: x:imdb t:null-18] o.a.s.c.S.Request webapp=/solr path=/config/params params={wt=json&_=1720464469758} status=0 QTime=0
2024-07-08 18:48:57.643 INFO  (qtp1415289182-21-null-19) [c: s: r: x: t:null-19] o.a.s.s.HttpSolrCall [admin] webapp=null path=/admin/cores params={indexInfo=false&wt=json&_=1720464469707} status=0 QTime=0
2024-07-08 18:48:57.662 INFO  (qtp1415289182-25-null-20) [c: s: r: x: t:null-20] o.a.s.s.HttpSolrCall [admin] webapp=null path=/admin/info/system params={wt=json&_=1720464469707} status=0 QTime=11
2024-07-08 18:48:57.668 INFO  (qtp1415289182-20-null-21) [c: s: r: x:imdb t:null-21] o.a.s.c.S.Request webapp=/solr path=/select params={q=*:*&indent=true&fl=Certificate:0&q.op=OR&useParams=&_=1720464469758} hits=966 status=0 QTime=12
2024-07-08 18:49:20.852 INFO  (qtp1415289182-24-null-22) [c: s: r: x:imdb t:null-22] o.a.s.c.S.Request webapp=/solr path=/select params={q=*:*&indent=true&q.op=OR&useParams=&_=1720464469758} hits=966 status=0 QTime=1
2024-07-08 18:49:20.874 INFO  (qtp1415289182-21-null-24) [c: s: r: x: t:null-24] o.a.s.s.HttpSolrCall [admin] webapp=null path=/admin/cores params={indexInfo=false&wt=json&_=1720464469707} status=0 QTime=0
2024-07-08 18:49:20.875 INFO  (qtp1415289182-27-null-23) [c: s: r: x: t:null-23] o.a.s.s.HttpSolrCall [admin] webapp=null path=/admin/info/system params={wt=json&_=1720464469707} status=0 QTime=18
2024-07-08 18:49:20.879 INFO  (qtp1415289182-26-null-25) [c: s: r: x:imdb t:null-25] o.a.s.c.S.Request webapp=/solr path=/config/params params={wt=json&_=1720464469758} status=0 QTime=0
